Removed Pin From Net: NetName=NetJ1_2 Pin=U1-2
Removed Pin From Net: NetName=NetJ1_3 Pin=U1-3
Removed Pin From Net: NetName=NetJ1_4 Pin=U1-4
Change Component Footprint: Designator=J1 Old Footprint=Pin HDR1X5/2mm-W New Footprint=Fe-HDR1X6/2.54-S
Change Component Comment : Designator=J1 Old Comment=Pin HDR1X5 New Comment=Female HDR1X6
Added Component: Designator=BUZZER1(BUZ-SMD_3P-L5.2-W5.2-P3.50-BR)
Add component (AddParameter): Name = "BOM_JLCPCB Part Class"; Value = "Extended Part"; VariantName = "[No Variations]"
Add component (AddParameter): Name = "BOM_Manufacturer"; Value = "HNDZ"; VariantName = "[No Variations]"
Add component (AddParameter): Name = "BOM_Manufacturer Part"; Value = "MLT-5020"; VariantName = "[No Variations]"
Add component (AddParameter): Name = "BOM_Supplier"; Value = "LCSC"; VariantName = "[No Variations]"
Add component (AddParameter): Name = "BOM_Supplier Part"; Value = "C94598"; VariantName = "[No Variations]"
Add component (AddParameter): Name = "spicePre"; Value = "B"; VariantName = "[No Variations]"
Add component (AddParameter): Name = "spiceSymbolName"; Value = "MLT-5020"; VariantName = "[No Variations]"
Added Pin To Net: NetName=NetJ1_4 Pin=U1-2
Added Pin To Net: NetName=NetJ1_2 Pin=U1-3
Added Pin To Net: NetName=NetJ1_3 Pin=U1-4
Added Pin To Net: NetName=NetJ1_4 Pin=U1-5
Added Pin To Net: NetName=NetBUZZER1_2 Pin=BUZZER1-2
Added Pin To Net: NetName=NetBUZZER1_2 Pin=J1-5
Added Net: Name=NetBUZZER1_2
Added Pin To Net: NetName=NetBUZZER1_3 Pin=BUZZER1-3
Added Pin To Net: NetName=NetBUZZER1_3 Pin=J1-6
Added Net: Name=NetBUZZER1_3
Added Member To Class: ClassName=JBC_245 Member=Component BUZZER1 MLT-5020
