Added Component: Designator=C1(CAP_0402)
Add component (AddParameter): Name = "Arrow Part Number"; Value = ""; VariantName = "[No Variations]"
Add component (AddParameter): Name = "Arrow Price/Stock"; Value = ""; VariantName = "[No Variations]"
Add component (AddParameter): Name = "Datasheet Link"; Value = "http://www.mouser.com/catalog/supplier/library/pdf/AVXSurfaceMountCeramic.pdf"; VariantName = "[No Variations]"
Add component (AddParameter): Name = "Height"; Value = "0.56mm"; VariantName = "[No Variations]"
Add component (AddParameter): Name = "Manufacturer_Name"; Value = "AVX"; VariantName = "[No Variations]"
Add component (AddParameter): Name = "Manufacturer_Part_Number"; Value = "0402YC104MAT2A"; VariantName = "[No Variations]"
Add component (AddParameter): Name = "Mouser Part Number"; Value = "581-0402YC104MAT2A"; VariantName = "[No Variations]"
Add component (AddParameter): Name = "Mouser Price/Stock"; Value = "https://www.mouser.co.uk/ProductDetail/AVX/0402YC104MAT2A?qs=O2%2FeDh0sX9yiCaLwpXy1bw%3D%3D"; VariantName = "[No Variations]"
Added Component: Designator=C2(CAP_0402)
Add component (AddParameter): Name = "Arrow Part Number"; Value = ""; VariantName = "[No Variations]"
Add component (AddParameter): Name = "Arrow Price/Stock"; Value = ""; VariantName = "[No Variations]"
Add component (AddParameter): Name = "Datasheet Link"; Value = "http://www.mouser.com/catalog/supplier/library/pdf/AVXSurfaceMountCeramic.pdf"; VariantName = "[No Variations]"
Add component (AddParameter): Name = "Height"; Value = "0.56mm"; VariantName = "[No Variations]"
Add component (AddParameter): Name = "Manufacturer_Name"; Value = "AVX"; VariantName = "[No Variations]"
Add component (AddParameter): Name = "Manufacturer_Part_Number"; Value = "0402YC104MAT2A"; VariantName = "[No Variations]"
Add component (AddParameter): Name = "Mouser Part Number"; Value = "581-0402YC104MAT2A"; VariantName = "[No Variations]"
Add component (AddParameter): Name = "Mouser Price/Stock"; Value = "https://www.mouser.co.uk/ProductDetail/AVX/0402YC104MAT2A?qs=O2%2FeDh0sX9yiCaLwpXy1bw%3D%3D"; VariantName = "[No Variations]"
Added Component: Designator=C3(CAP_0402)
Add component (AddParameter): Name = "Arrow Part Number"; Value = ""; VariantName = "[No Variations]"
Add component (AddParameter): Name = "Arrow Price/Stock"; Value = ""; VariantName = "[No Variations]"
Add component (AddParameter): Name = "Datasheet Link"; Value = "http://www.mouser.com/catalog/supplier/library/pdf/AVXSurfaceMountCeramic.pdf"; VariantName = "[No Variations]"
Add component (AddParameter): Name = "Height"; Value = "0.56mm"; VariantName = "[No Variations]"
Add component (AddParameter): Name = "Manufacturer_Name"; Value = "AVX"; VariantName = "[No Variations]"
Add component (AddParameter): Name = "Manufacturer_Part_Number"; Value = "0402YC104MAT2A"; VariantName = "[No Variations]"
Add component (AddParameter): Name = "Mouser Part Number"; Value = "581-0402YC104MAT2A"; VariantName = "[No Variations]"
Add component (AddParameter): Name = "Mouser Price/Stock"; Value = "https://www.mouser.co.uk/ProductDetail/AVX/0402YC104MAT2A?qs=O2%2FeDh0sX9yiCaLwpXy1bw%3D%3D"; VariantName = "[No Variations]"
Added Component: Designator=C4(CAP_0402)
Add component (AddParameter): Name = "Arrow Part Number"; Value = ""; VariantName = "[No Variations]"
Add component (AddParameter): Name = "Arrow Price/Stock"; Value = ""; VariantName = "[No Variations]"
Add component (AddParameter): Name = "Datasheet Link"; Value = "http://www.mouser.com/catalog/supplier/library/pdf/AVXSurfaceMountCeramic.pdf"; VariantName = "[No Variations]"
Add component (AddParameter): Name = "Height"; Value = "0.56mm"; VariantName = "[No Variations]"
Add component (AddParameter): Name = "Manufacturer_Name"; Value = "AVX"; VariantName = "[No Variations]"
Add component (AddParameter): Name = "Manufacturer_Part_Number"; Value = "0402YC104MAT2A"; VariantName = "[No Variations]"
Add component (AddParameter): Name = "Mouser Part Number"; Value = "581-0402YC104MAT2A"; VariantName = "[No Variations]"
Add component (AddParameter): Name = "Mouser Price/Stock"; Value = "https://www.mouser.co.uk/ProductDetail/AVX/0402YC104MAT2A?qs=O2%2FeDh0sX9yiCaLwpXy1bw%3D%3D"; VariantName = "[No Variations]"
Added Component: Designator=IC1(MP5016HGQHZ)
Add component (AddParameter): Name = "Arrow Part Number"; Value = ""; VariantName = "[No Variations]"
Add component (AddParameter): Name = "Arrow Price/Stock"; Value = ""; VariantName = "[No Variations]"
Add component (AddParameter): Name = "Datasheet Link"; Value = "https://componentsearchengine.com/Datasheets/1/MP5016HGQH-Z.pdf"; VariantName = "[No Variations]"
Add component (AddParameter): Name = "Height"; Value = "0.9mm"; VariantName = "[No Variations]"
Add component (AddParameter): Name = "Manufacturer_Name"; Value = "Monolithic Power Systems (MPS)"; VariantName = "[No Variations]"
Add component (AddParameter): Name = "Manufacturer_Part_Number"; Value = "MP5016HGQH-Z"; VariantName = "[No Variations]"
Add component (AddParameter): Name = "Mouser Part Number"; Value = "946-MP5016HGQH-Z"; VariantName = "[No Variations]"
Add component (AddParameter): Name = "Mouser Price/Stock"; Value = "https://www.mouser.co.uk/ProductDetail/Monolithic-Power-Systems-MPS/MP5016HGQH-Z?qs=YCa%2FAAYMW00hGdkGCCsW%252Bw%3D%3D"; VariantName = "[No Variations]"
Added Component: Designator=R1(RES_0402)
Add component (AddParameter): Name = "Arrow Part Number"; Value = ""; VariantName = "[No Variations]"
Add component (AddParameter): Name = "Arrow Price/Stock"; Value = ""; VariantName = "[No Variations]"
Add component (AddParameter): Name = "Datasheet Link"; Value = "http://www.yageo.com/documents/recent/PYu-RC0402_51_RoHS_L_6_r.pdf"; VariantName = "[No Variations]"
Add component (AddParameter): Name = "Height"; Value = "0.4mm"; VariantName = "[No Variations]"
Add component (AddParameter): Name = "Manufacturer_Name"; Value = "YAGEO (PHYCOMP)"; VariantName = "[No Variations]"
Add component (AddParameter): Name = "Manufacturer_Part_Number"; Value = "RC0402JR-1320RL"; VariantName = "[No Variations]"
Add component (AddParameter): Name = "Mouser Part Number"; Value = "603-RC0402JR-1320RL"; VariantName = "[No Variations]"
Add component (AddParameter): Name = "Mouser Price/Stock"; Value = "https://www.mouser.co.uk/ProductDetail/YAGEO/RC0402JR-1320RL?qs=qpJ%252B%252B%252Bdg6p3JDOvGKPULsg%3D%3D"; VariantName = "[No Variations]"
Added Component: Designator=R2(RES_0402)
Add component (AddParameter): Name = "Arrow Part Number"; Value = ""; VariantName = "[No Variations]"
Add component (AddParameter): Name = "Arrow Price/Stock"; Value = ""; VariantName = "[No Variations]"
Add component (AddParameter): Name = "Datasheet Link"; Value = "http://www.yageo.com/documents/recent/PYu-RC0402_51_RoHS_L_6_r.pdf"; VariantName = "[No Variations]"
Add component (AddParameter): Name = "Height"; Value = "0.4mm"; VariantName = "[No Variations]"
Add component (AddParameter): Name = "Manufacturer_Name"; Value = "YAGEO (PHYCOMP)"; VariantName = "[No Variations]"
Add component (AddParameter): Name = "Manufacturer_Part_Number"; Value = "RC0402JR-1320RL"; VariantName = "[No Variations]"
Add component (AddParameter): Name = "Mouser Part Number"; Value = "603-RC0402JR-1320RL"; VariantName = "[No Variations]"
Add component (AddParameter): Name = "Mouser Price/Stock"; Value = "https://www.mouser.co.uk/ProductDetail/YAGEO/RC0402JR-1320RL?qs=qpJ%252B%252B%252Bdg6p3JDOvGKPULsg%3D%3D"; VariantName = "[No Variations]"
Added Component: Designator=R3(RES_0402)
Add component (AddParameter): Name = "Arrow Part Number"; Value = ""; VariantName = "[No Variations]"
Add component (AddParameter): Name = "Arrow Price/Stock"; Value = ""; VariantName = "[No Variations]"
Add component (AddParameter): Name = "Datasheet Link"; Value = "http://www.yageo.com/documents/recent/PYu-RC0402_51_RoHS_L_6_r.pdf"; VariantName = "[No Variations]"
Add component (AddParameter): Name = "Height"; Value = "0.4mm"; VariantName = "[No Variations]"
Add component (AddParameter): Name = "Manufacturer_Name"; Value = "YAGEO (PHYCOMP)"; VariantName = "[No Variations]"
Add component (AddParameter): Name = "Manufacturer_Part_Number"; Value = "RC0402JR-1320RL"; VariantName = "[No Variations]"
Add component (AddParameter): Name = "Mouser Part Number"; Value = "603-RC0402JR-1320RL"; VariantName = "[No Variations]"
Add component (AddParameter): Name = "Mouser Price/Stock"; Value = "https://www.mouser.co.uk/ProductDetail/YAGEO/RC0402JR-1320RL?qs=qpJ%252B%252B%252Bdg6p3JDOvGKPULsg%3D%3D"; VariantName = "[No Variations]"
Added Member To Class: ClassName=JBC_245 Member=Component C1 1uF
Added Member To Class: ClassName=JBC_245 Member=Component C2 10uF
Added Member To Class: ClassName=JBC_245 Member=Component C3 100pF
Added Member To Class: ClassName=JBC_245 Member=Component C4 1uF
Added Member To Class: ClassName=JBC_245 Member=Component IC1 MP5016HGQH-Z
Added Member To Class: ClassName=JBC_245 Member=Component R1 300k
Added Member To Class: ClassName=JBC_245 Member=Component R2 604¦¸
Added Member To Class: ClassName=JBC_245 Member=Component R3 1k
Added Room: Name=JBC_245
